[23Sep2023 20:54:27.198] [main/INFO] [cpw.mods.modlauncher.Launcher/MODLAUNCHER]: ModLauncher running: args [--launchTarget, forgeclientuserdev, --version, MOD_DEV, --assetIndex, 1.18, --assetsDir, C:\Users\Alex\.gradle\caches\forge_gradle\assets, --gameDir, ., --fml.forgeVersion, 39.0.5, --fml.mcVersion, 1.18.1, --fml.forgeGroup, net.minecraftforge, --fml.mcpVersion, 20211210.034407]
[23Sep2023 20:54:27.215] [main/INFO] [cpw.mods.modlauncher.Launcher/MODLAUNCHER]: ModLauncher 9.0.24+9.0.24+main.7be9f01d starting: java version 17.0.8.1 by Eclipse Adoptium
[23Sep2023 20:54:27.939] [main/INFO] [optifine.OptiFineTransformationService/]: OptiFineTransformationService.onLoad
[23Sep2023 20:54:27.943] [main/INFO] [optifine.OptiFineTransformationService/]: OptiFine ZIP file URL: union:/D:/mygod/nope-not-again-1/run/mods/OptiFine_1.18.1_HD_U_H4.jar%2376!
[23Sep2023 20:54:27.963] [main/INFO] [optifine.OptiFineTransformationService/]: OptiFine ZIP file: D:\mygod\nope-not-again-1\run\mods\OptiFine_1.18.1_HD_U_H4.jar
[23Sep2023 20:54:27.966] [main/INFO] [optifine.OptiFineTransformer/]: Target.PRE_CLASS is available
[23Sep2023 20:54:28.167] [main/INFO] [mixin/]: SpongePowered MIXIN Subsystem Version=0.8.5 Source=union:/C:/Users/Alex/.gradle/caches/modules-2/files-2.1/org.spongepowered/mixin/0.8.5/9d1c0c3a304ae6697ecd477218fa61b850bf57fc/mixin-0.8.5.jar%2327! Service=ModLauncher Env=CLIENT
[23Sep2023 20:54:28.206] [main/INFO] [optifine.OptiFineTransformationService/]: OptiFineTransformationService.initialize
[23Sep2023 20:54:31.271] [main/INFO] [optifine.OptiFineTransformationService/]: OptiFineTransformationService.transformers
[23Sep2023 20:54:31.298] [main/INFO] [optifine.OptiFineTransformer/]: Targets: 342
[23Sep2023 20:54:32.991] [main/INFO] [optifine.OptiFineTransformationService/]: additionalClassesLocator: [optifine., net.optifine.]
[23Sep2023 20:54:34.255] [main/INFO] [cpw.mods.modlauncher.LaunchServiceHandler/MODLAUNCHER]: Launching target 'forgeclientuserdev' with arguments [--version, MOD_DEV, --gameDir, ., --assetsDir, C:\Users\Alex\.gradle\caches\forge_gradle\assets, --assetIndex, 1.18]
[23Sep2023 20:54:49.000] [pool-3-thread-1/FATAL] [mixin/]: Mixin apply failed lazydfu.mixins.json:SchemasMixin -> net.minecraft.util.datafix.DataFixers: org.spongepowered.asm.mixin.injection.throwables.InvalidInjectionException Critical injection failure: @Redirect annotation on create$replaceBuilder could not find any targets matching 'Lnet/minecraft/util/datafix/DataFixers;m_14529_()Lcom/mojang/datafixers/DataFixer;' in net.minecraft.util.datafix.DataFixers. Using refmap lazydfu.refmap.json [PREINJECT Applicator Phase -> lazydfu.mixins.json:SchemasMixin -> Prepare Injections ->  -> redirect$zza000$create$replaceBuilder(I)Lcom/mojang/datafixers/DataFixerBuilder; -> Parse]
org.spongepowered.asm.mixin.injection.throwables.InvalidInjectionException: Critical injection failure: @Redirect annotation on create$replaceBuilder could not find any targets matching 'Lnet/minecraft/util/datafix/DataFixers;m_14529_()Lcom/mojang/datafixers/DataFixer;' in net.minecraft.util.datafix.DataFixers. Using refmap lazydfu.refmap.json [PREINJECT Applicator Phase -> lazydfu.mixins.json:SchemasMixin -> Prepare Injections ->  -> redirect$zza000$create$replaceBuilder(I)Lcom/mojang/datafixers/DataFixerBuilder; -> Parse]
	at org.spongepowered.asm.mixin.injection.struct.InjectionInfo.validateTargets(InjectionInfo.java:656) ~[mixin-0.8.5.jar:0.8.5+Jenkins-b310.git-155314e6e91465dad727e621a569906a410cd6f4]
	at org.spongepowered.asm.mixin.injection.struct.InjectionInfo.findTargets(InjectionInfo.java:587) ~[mixin-0.8.5.jar:0.8.5+Jenkins-b310.git-155314e6e91465dad727e621a569906a410cd6f4]
	at org.spongepowered.asm.mixin.injection.struct.InjectionInfo.readAnnotation(InjectionInfo.java:330) ~[mixin-0.8.5.jar:0.8.5+Jenkins-b310.git-155314e6e91465dad727e621a569906a410cd6f4]
	at org.spongepowered.asm.mixin.injection.struct.InjectionInfo.<init>(InjectionInfo.java:316) ~[mixin-0.8.5.jar:0.8.5+Jenkins-b310.git-155314e6e91465dad727e621a569906a410cd6f4]
	at org.spongepowered.asm.mixin.injection.struct.InjectionInfo.<init>(InjectionInfo.java:308) ~[mixin-0.8.5.jar:0.8.5+Jenkins-b310.git-155314e6e91465dad727e621a569906a410cd6f4]
	at org.spongepowered.asm.mixin.injection.struct.RedirectInjectionInfo.<init>(RedirectInjectionInfo.java:44) ~[mixin-0.8.5.jar:0.8.5+Jenkins-b310.git-155314e6e91465dad727e621a569906a410cd6f4]
	at jdk.internal.reflect.NativeConstructorAccessorImpl.newInstance0(Native Method) ~[?:?]
	at jdk.internal.reflect.NativeConstructorAccessorImpl.newInstance(NativeConstructorAccessorImpl.java:77) ~[?:?]
	at jdk.internal.reflect.DelegatingConstructorAccessorImpl.newInstance(DelegatingConstructorAccessorImpl.java:45) ~[?:?]
	at java.lang.reflect.Constructor.newInstanceWithCaller(Constructor.java:499) ~[?:?]
	at java.lang.reflect.Constructor.newInstance(Constructor.java:480) ~[?:?]
	at org.spongepowered.asm.mixin.injection.struct.InjectionInfo$InjectorEntry.create(InjectionInfo.java:149) ~[mixin-0.8.5.jar:0.8.5+Jenkins-b310.git-155314e6e91465dad727e621a569906a410cd6f4]
	at org.spongepowered.asm.mixin.injection.struct.InjectionInfo.parse(InjectionInfo.java:708) ~[mixin-0.8.5.jar:0.8.5+Jenkins-b310.git-155314e6e91465dad727e621a569906a410cd6f4]
	at org.spongepowered.asm.mixin.transformer.MixinTargetContext.prepareInjections(MixinTargetContext.java:1311) ~[mixin-0.8.5.jar:0.8.5+Jenkins-b310.git-155314e6e91465dad727e621a569906a410cd6f4]
	at org.spongepowered.asm.mixin.transformer.MixinApplicatorStandard.prepareInjections(MixinApplicatorStandard.java:1042) ~[mixin-0.8.5.jar:0.8.5+Jenkins-b310.git-155314e6e91465dad727e621a569906a410cd6f4]
	at org.spongepowered.asm.mixin.transformer.MixinApplicatorStandard.applyMixin(MixinApplicatorStandard.java:393) ~[mixin-0.8.5.jar:0.8.5+Jenkins-b310.git-155314e6e91465dad727e621a569906a410cd6f4]
	at org.spongepowered.asm.mixin.transformer.MixinApplicatorStandard.apply(MixinApplicatorStandard.java:325) ~[mixin-0.8.5.jar:0.8.5+Jenkins-b310.git-155314e6e91465dad727e621a569906a410cd6f4]
	at org.spongepowered.asm.mixin.transformer.TargetClassContext.apply(TargetClassContext.java:383) ~[mixin-0.8.5.jar:0.8.5+Jenkins-b310.git-155314e6e91465dad727e621a569906a410cd6f4]
	at org.spongepowered.asm.mixin.transformer.TargetClassContext.applyMixins(TargetClassContext.java:365) ~[mixin-0.8.5.jar:0.8.5+Jenkins-b310.git-155314e6e91465dad727e621a569906a410cd6f4]
	at org.spongepowered.asm.mixin.transformer.MixinProcessor.applyMixins(MixinProcessor.java:363) ~[mixin-0.8.5.jar:0.8.5+Jenkins-b310.git-155314e6e91465dad727e621a569906a410cd6f4]
	at org.spongepowered.asm.mixin.transformer.MixinTransformer.transformClass(MixinTransformer.java:250) ~[mixin-0.8.5.jar:0.8.5+Jenkins-b310.git-155314e6e91465dad727e621a569906a410cd6f4]
	at org.spongepowered.asm.service.modlauncher.MixinTransformationHandler.processClass(MixinTransformationHandler.java:131) ~[mixin-0.8.5.jar:0.8.5+Jenkins-b310.git-155314e6e91465dad727e621a569906a410cd6f4]
	at org.spongepowered.asm.launch.MixinLaunchPluginLegacy.processClass(MixinLaunchPluginLegacy.java:131) ~[mixin-0.8.5.jar:0.8.5+Jenkins-b310.git-155314e6e91465dad727e621a569906a410cd6f4]
	at cpw.mods.modlauncher.serviceapi.ILaunchPluginService.processClassWithFlags(ILaunchPluginService.java:156) ~[modlauncher-9.0.24.jar:9.0.24+9.0.24+main.7be9f01d]
	at cpw.mods.modlauncher.LaunchPluginHandler.offerClassNodeToPlugins(LaunchPluginHandler.java:88) ~[modlauncher-9.0.24.jar:?]
	at cpw.mods.modlauncher.ClassTransformer.transform(ClassTransformer.java:120) ~[modlauncher-9.0.24.jar:?]
	at cpw.mods.modlauncher.TransformingClassLoader.maybeTransformClassBytes(TransformingClassLoader.java:50) ~[modlauncher-9.0.24.jar:?]
	at cpw.mods.cl.ModuleClassLoader.readerToClass(ModuleClassLoader.java:110) ~[securejarhandler-0.9.54.jar:?]
	at cpw.mods.cl.ModuleClassLoader.lambda$findClass$16(ModuleClassLoader.java:213) ~[securejarhandler-0.9.54.jar:?]
	at cpw.mods.cl.ModuleClassLoader.loadFromModule(ModuleClassLoader.java:223) ~[securejarhandler-0.9.54.jar:?]
	at cpw.mods.cl.ModuleClassLoader.findClass(ModuleClassLoader.java:213) ~[securejarhandler-0.9.54.jar:?]
	at cpw.mods.cl.ModuleClassLoader.loadClass(ModuleClassLoader.java:130) ~[securejarhandler-0.9.54.jar:?]
	at java.lang.ClassLoader.loadClass(ClassLoader.java:525) ~[?:?]
	at net.minecraft.Util.doFetchChoiceType(Util.java:240) ~[forge-1.18.1-39.0.5_mapped_official_1.18.1-recomp.jar%2379!:?]
	at net.minecraft.Util.fetchChoiceType(Util.java:232) ~[forge-1.18.1-39.0.5_mapped_official_1.18.1-recomp.jar%2379!:?]
	at net.minecraft.world.entity.EntityType$Builder.build(EntityType.java:703) ~[forge-1.18.1-39.0.5_mapped_official_1.18.1-recomp.jar%2379!:?]
	at net.minecraft.world.entity.EntityType.register(EntityType.java:290) ~[forge-1.18.1-39.0.5_mapped_official_1.18.1-recomp.jar%2379!:?]
	at net.minecraft.world.entity.EntityType.<clinit>(EntityType.java:153) ~[forge-1.18.1-39.0.5_mapped_official_1.18.1-recomp.jar%2379!:?]
	at net.minecraft.world.level.levelgen.feature.MonsterRoomFeature.<clinit>(MonsterRoomFeature.java:26) ~[forge-1.18.1-39.0.5_mapped_official_1.18.1-recomp.jar%2379!:?]
	at net.minecraft.world.level.levelgen.feature.Feature.<clinit>(Feature.java:78) ~[forge-1.18.1-39.0.5_mapped_official_1.18.1-recomp.jar%2379!:?]
	at net.minecraft.data.worldgen.features.AquaticFeatures.<clinit>(AquaticFeatures.java:16) ~[forge-1.18.1-39.0.5_mapped_official_1.18.1-recomp.jar%2379!:?]
	at net.minecraft.data.worldgen.features.FeatureUtils.bootstrap(FeatureUtils.java:18) ~[forge-1.18.1-39.0.5_mapped_official_1.18.1-recomp.jar%2379!:?]
	at net.minecraft.data.BuiltinRegistries.lambda$static$3(BuiltinRegistries.java:93) ~[forge-1.18.1-39.0.5_mapped_official_1.18.1-recomp.jar%2379!:?]
	at java.util.LinkedHashMap.forEach(LinkedHashMap.java:721) ~[?:?]
	at net.minecraft.data.BuiltinRegistries.<clinit>(BuiltinRegistries.java:92) ~[forge-1.18.1-39.0.5_mapped_official_1.18.1-recomp.jar%2379!:?]
	at net.minecraft.core.Registry.<clinit>(Registry.java:517) ~[forge-1.18.1-39.0.5_mapped_official_1.18.1-recomp.jar%2379!:?]
	at net.minecraft.server.Bootstrap.bootStrap(Bootstrap.java:45) ~[forge-1.18.1-39.0.5_mapped_official_1.18.1-recomp.jar%2379!:?]
	at net.minecraft.client.main.Main.lambda$main$0(Main.java:138) ~[forge-1.18.1-39.0.5_mapped_official_1.18.1-recomp.jar%2379!:?]
	at java.util.concurrent.Executors$RunnableAdapter.call(Executors.java:539) [?:?]
	at java.util.concurrent.FutureTask.run(FutureTask.java:264) [?:?]
	at java.util.concurrent.ThreadPoolExecutor.runWorker(ThreadPoolExecutor.java:1136) [?:?]
	at java.util.concurrent.ThreadPoolExecutor$Worker.run(ThreadPoolExecutor.java:635) [?:?]
	at java.lang.Thread.run(Thread.java:833) [?:?]
